CH3             9.84        9.74     
ClO             11.01       10.95    
HCO             9.31        9.18     
NH2             12.0        12.03    
NH              13.49       13.44    
NO2             11.23       11.0     
NO              9.26        9.54     
O2              12.3        12.27    
OH              13.02       12.98    
S2              9.55        9.38     
SiH3            8.74        8.8      
H2              16.51       16.4     
Cl2             11.49       11.53    
ClF             12.77       12.72    
CO              14.01       13.95    
CS              11.34       11.32    
F2              15.7        15.76    
HCl             12.75       12.68    
HF              16.12       16.17    
N2              15.58       15.55    
P2              10.65       10.58    
SiO          11.61       11.51    
NaCl            9.0         9.05     
CO2             13.79       13.81    
H2O             12.62       12.69    
H2S             10.5        10.39    
HCN             13.61       13.77    
SO2             12.5        12.4     
CS2             10.09       10.05    
SiF2            11.08       11.15    
F2O             13.26       13.24    
NNO             12.89       12.92    
NSF             11.82       11.78    
O3              12.73       12.8     
OCS             11.19       11.21    
FCN             13.65       13.61    
HOCl         11.22       11.22    
CH2O            10.9        10.93    
H2O2            11.7        11.62    
NH3             10.8        10.96    
PH3             10.59       10.53    
C2N2            13.51       13.58    
HCCF         11.5        11.41    
AlCl3           12.01       12.0     
BCl3            11.64       11.72    
BF3               15.96   16.04     
CF2O              13.6    13.58     
ClF3              13.05   12.86     
H2CS              9.38    9.35      
NF3               13.6    13.6      
PF3               12.2    12.21     
C2H2              11.49   11.46     
C3O2           10.8    10.73     
CBrF3             12.08   11.93     
CCl2F2            12.24   12.18     
CCl3H             11.5    11.47     
CCl4              11.69   11.77     
CClF3             13.08   13.01     
CF4            16.33   16.45     
CFCl3             11.73   11.74     
CH2Cl2            11.4    11.56     
CH2CO             9.64    9.72      
CH2F2          13.3    13.45     
CH3Cl             11.29   11.36     
CH3F           13.6    13.44     
CH4            14.4    14.39     
CHF3              14.8    14.95     
HCCCN         11.75   11.81     
HCOOH             11.5    11.55     
NSF3              12.5    12.49     
SiF4              16.4    16.58     
SiH4          12.85   12.81     
C2F4              10.69   10.54     
C2H4              10.68   10.69     
CF3CN             14.3    14.24     
CH2CF2            10.7    10.63     
CH3CN             12.46   12.54     
CH3NC             11.32   11.27     
CH3OH             10.96   11.11     
CH3SH             9.44    9.46      
CHFCF2         10.62   10.53     
Z-CHF-CHF    10.62   10.54     
Cl2CCF2           9.82    9.91      
Chloroethene      10.2    10.21     
Fluoroethene      10.63   10.61     
H2CCCl2           10.0    10.06     
HCCCCH         10.3    10.29     
HCCCHO            10.8    10.83     
HCONH2            10.4    10.41     
N2H4              10.07   10.28     
NCCCCN        11.99   12.04     
OCHCHO            10.6    10.61     
Acrylonitrile     10.92   11.12     
CH2CCH2           10.2    10.26     
CH3CCH            10.54   10.55     
CH3CClO           11.03   11.11     
CH3NO2            11.29   11.51     
Cyclopropene      9.86    10.01     
Ethylene oxide    10.57   10.74     
Thiirane          9.05    9.06      
HCCCCCN       10.57   10.73     
SF6               15.7    15.76     
Acrolein      10.1    10.18     
CH3CCCN       10.95   11.0      
CH3CH2Cl          11.06   11.12     
CH3CH3        12.7    12.74     
CH3SiH3           11.6    11.73     
CH4N2O                 10.33    10.32      
Ethylenimine           9.85     9.94       
1_1-Dicyanoethylene    11.38    11.54      
Si2H6                  10.53    10.63      
s-Tetrazine        9.72     9.7        
2-Propenoic acid       10.78    10.87      
CH3CH2OH               10.64    10.86      
CH3CONH2               10.0     9.95       
CH3OCH3                10.1     10.21      
Cyclopropane       10.9     10.92      
Furan              9.0      9.06       
Propene                9.91     10.01      
Thiophene              8.90     9.09       
1_3-Butadiene          9.03     9.22       
2-Propen-1-ol          10.22    10.42      
2-Propenamide          10.0     9.98       
CH3CCCH3               9.79     9.79       
CH3COCH3               9.8      9.81       
CH3NHCH3               8.95     9.07       
CH3SOCH3               9.1      9.11       
Cyclobutene            9.59     9.72       
Pyrrole                8.23     8.39       
Methoxyethene          9.05     9.25       
Methylacrylonitrile    10.37    10.59      
Pyrazine               9.63     9.7        
Pyrimidine             9.73     9.81       
Pyridine               9.6      9.74       
1-Chloropropane        10.88    10.96      
Butenone               9.61     9.77       
CH3CH2CH3      12.1     12.16      
Fulvene            8.55     8.63       
Vinyl acetate          9.85     9.82       
Methyl prop-2-enoate   10.74    10.57      
Isoprene               8.85     9.05       
NC3H9                  8.54     8.59       
2-Methylpropene        9.45     9.53       
Isobutane          11.6     11.73      
2-Vinylpyridine        8.92     8.97       
Styrene                8.48     8.65       
Benzene            9.45     9.43       
Naphthalene     8.15           8.24
Anthracene      7.44           7.47
Tetracene       6.97           6.95
Pentacene       6.61           6.57
Hexacene        6.36           6.43
